app/build/intermediates/manifest_merge_blame_file/release/manifest-merger-blame-release-report.txt
1<?xml version="1.0" encoding="utf-8"?>
2<manifest xmlns:android="http://schemas.android.com/apk/res/android"
3    package="com.khak.daan"
4    android:versionCode="3"
5    android:versionName="1.0.3" >
6
7    <uses-sdk
8        android:minSdkVersion="21"
8-->src/main/AndroidManifest.xml
9        android:targetSdkVersion="34" />
9-->src/main/AndroidManifest.xml
10
11    <uses-permission android:name="android.permission.INTERNET" />
11-->src/main/AndroidManifest.xml:6:5-67
11-->src/main/AndroidManifest.xml:6:22-64
12    <uses-permission android:name="android.permission.ACCESS_WIFI_STATE" />
12-->src/main/AndroidManifest.xml:7:5-76
12-->src/main/AndroidManifest.xml:7:22-73
13    <uses-permission android:name="android.permission.ACCESS_NETWORK_STATE" />
13-->src/main/AndroidManifest.xml:8:5-79
13-->src/main/AndroidManifest.xml:8:22-76
14
15    <permission
15-->[androidx.core:core:1.9.0] AndroidManifest.xml:22:5-24:47
16        android:name="com.khak.daan.DYNAMIC_RECEIVER_NOT_EXPORTED_PERMISSION"
16-->[androidx.core:core:1.9.0] AndroidManifest.xml:23:9-81
17        android:protectionLevel="signature" />
17-->[androidx.core:core:1.9.0] AndroidManifest.xml:24:9-44
18
19    <uses-permission android:name="com.khak.daan.DYNAMIC_RECEIVER_NOT_EXPORTED_PERMISSION" />
19-->[androidx.core:core:1.9.0] AndroidManifest.xml:26:5-97
19-->[androidx.core:core:1.9.0] AndroidManifest.xml:26:22-94
20
21    <application
21-->src/main/AndroidManifest.xml:10:5-74:19
22        android:allowBackup="true"
22-->src/main/AndroidManifest.xml:11:9-35
23        android:appComponentFactory="androidx.core.app.CoreComponentFactory"
23-->[androidx.core:core:1.9.0] AndroidManifest.xml:28:18-86
24        android:icon="@drawable/log_im"
24-->src/main/AndroidManifest.xml:12:9-40
25        android:label="@string/app_name"
25-->src/main/AndroidManifest.xml:13:9-41
26        android:largeHeap="true"
26-->src/main/AndroidManifest.xml:14:9-33
27        android:roundIcon="@drawable/log_im"
27-->src/main/AndroidManifest.xml:15:9-45
28        android:supportsRtl="true"
28-->src/main/AndroidManifest.xml:16:9-35
29        android:theme="@style/AppTheme"
29-->src/main/AndroidManifest.xml:17:9-40
30        android:usesCleartextTraffic="true" >
30-->src/main/AndroidManifest.xml:18:9-44
31        <activity
31-->src/main/AndroidManifest.xml:19:9-21:40
32            android:name="com.khak.daan.Activitys.SearchDetailsActivity"
32-->src/main/AndroidManifest.xml:20:13-73
33            android:exported="false" />
33-->src/main/AndroidManifest.xml:21:13-37
34        <activity
34-->src/main/AndroidManifest.xml:22:9-24:40
35            android:name="com.khak.daan.Activitys.SearchActivity"
35-->src/main/AndroidManifest.xml:23:13-66
36            android:exported="false" />
36-->src/main/AndroidManifest.xml:24:13-37
37        <activity
37-->src/main/AndroidManifest.xml:25:9-27:40
38            android:name="com.khak.daan.Activitys.ImageZoomActivity"
38-->src/main/AndroidManifest.xml:26:13-69
39            android:exported="false" />
39-->src/main/AndroidManifest.xml:27:13-37
40        <activity
40-->src/main/AndroidManifest.xml:28:9-30:40
41            android:name="com.khak.daan.Activitys.LikedDetailsActivity"
41-->src/main/AndroidManifest.xml:29:13-72
42            android:exported="false" />
42-->src/main/AndroidManifest.xml:30:13-37
43        <activity
43-->src/main/AndroidManifest.xml:31:9-33:40
44            android:name="com.khak.daan.Activitys.StaticCardActivity"
44-->src/main/AndroidManifest.xml:32:13-70
45            android:exported="false" />
45-->src/main/AndroidManifest.xml:33:13-37
46        <activity
46-->src/main/AndroidManifest.xml:34:9-36:40
47            android:name="com.khak.daan.Activitys.IntroductionActivity"
47-->src/main/AndroidManifest.xml:35:13-72
48            android:exported="false" />
48-->src/main/AndroidManifest.xml:36:13-37
49        <activity
49-->src/main/AndroidManifest.xml:37:9-39:40
50            android:name="com.khak.daan.Activitys.LikedlistActivity"
50-->src/main/AndroidManifest.xml:38:13-69
51            android:exported="false" />
51-->src/main/AndroidManifest.xml:39:13-37
52        <activity
52-->src/main/AndroidManifest.xml:40:9-42:40
53            android:name="com.khak.daan.Activitys.PrefaceActivity"
53-->src/main/AndroidManifest.xml:41:13-67
54            android:exported="false" />
54-->src/main/AndroidManifest.xml:42:13-37
55        <activity
55-->src/main/AndroidManifest.xml:43:9-45:40
56            android:name="com.khak.daan.Activitys.LastActivity"
56-->src/main/AndroidManifest.xml:44:13-64
57            android:exported="false" />
57-->src/main/AndroidManifest.xml:45:13-37
58        <activity
58-->src/main/AndroidManifest.xml:46:9-48:40
59            android:name="com.khak.daan.Activitys.GhazalsActivity"
59-->src/main/AndroidManifest.xml:47:13-67
60            android:exported="false" />
60-->src/main/AndroidManifest.xml:48:13-37
61        <activity
61-->src/main/AndroidManifest.xml:49:9-51:40
62            android:name="com.khak.daan.Activitys.SpeechActivity"
62-->src/main/AndroidManifest.xml:50:13-66
63            android:exported="false" />
63-->src/main/AndroidManifest.xml:51:13-37
64        <activity
64-->src/main/AndroidManifest.xml:52:9-54:40
65            android:name="com.khak.daan.Activitys.MainActivity2"
65-->src/main/AndroidManifest.xml:53:13-65
66            android:exported="false" />
66-->src/main/AndroidManifest.xml:54:13-37
67        <activity
67-->src/main/AndroidManifest.xml:55:9-57:40
68            android:name="com.khak.daan.Activitys.MainActivity"
68-->src/main/AndroidManifest.xml:56:13-64
69            android:exported="false" /> <!-- <activity -->
69-->src/main/AndroidManifest.xml:57:13-37
70        <!-- android:name=".SpeechActivity" -->
71        <!-- android:exported="false" /> -->
72        <activity
72-->src/main/AndroidManifest.xml:60:9-69:20
73            android:name="com.khak.daan.SplashActivity"
73-->src/main/AndroidManifest.xml:61:13-56
74            android:exported="true"
74-->src/main/AndroidManifest.xml:62:13-36
75            android:screenOrientation="portrait" >
75-->src/main/AndroidManifest.xml:63:13-49
76            <intent-filter>
76-->src/main/AndroidManifest.xml:64:13-68:29
77                <action android:name="android.intent.action.MAIN" />
77-->src/main/AndroidManifest.xml:65:17-69
77-->src/main/AndroidManifest.xml:65:25-66
78
79                <category android:name="android.intent.category.LAUNCHER" />
79-->src/main/AndroidManifest.xml:67:17-77
79-->src/main/AndroidManifest.xml:67:27-74
80            </intent-filter>
81        </activity>
82
83        <meta-data
83-->src/main/AndroidManifest.xml:71:9-73:57
84            android:name="preloaded_fonts"
84-->src/main/AndroidManifest.xml:72:13-43
85            android:resource="@array/preloaded_fonts" />
85-->src/main/AndroidManifest.xml:73:13-54
86
87        <provider
87-->[androidx.emoji2:emoji2:1.2.0] AndroidManifest.xml:24:9-32:20
88            android:name="androidx.startup.InitializationProvider"
88-->[androidx.emoji2:emoji2:1.2.0] AndroidManifest.xml:25:13-67
89            android:authorities="com.khak.daan.androidx-startup"
89-->[androidx.emoji2:emoji2:1.2.0] AndroidManifest.xml:26:13-68
90            android:exported="false" >
90-->[androidx.emoji2:emoji2:1.2.0] AndroidManifest.xml:27:13-37
91            <meta-data
91-->[androidx.emoji2:emoji2:1.2.0] AndroidManifest.xml:29:13-31:52
92                android:name="androidx.emoji2.text.EmojiCompatInitializer"
92-->[androidx.emoji2:emoji2:1.2.0] AndroidManifest.xml:30:17-75
93                android:value="androidx.startup" />
93-->[androidx.emoji2:emoji2:1.2.0] AndroidManifest.xml:31:17-49
94            <meta-data
94-->[androidx.lifecycle:lifecycle-process:2.6.1] AndroidManifest.xml:29:13-31:52
95                android:name="androidx.lifecycle.ProcessLifecycleInitializer"
95-->[androidx.lifecycle:lifecycle-process:2.6.1] AndroidManifest.xml:30:17-78
96                android:value="androidx.startup" />
96-->[androidx.lifecycle:lifecycle-process:2.6.1] AndroidManifest.xml:31:17-49
97            <meta-data
97-->[androidx.profileinstaller:profileinstaller:1.3.0] AndroidManifest.xml:29:13-31:52
98                android:name="androidx.profileinstaller.ProfileInstallerInitializer"
98-->[androidx.profileinstaller:profileinstaller:1.3.0] AndroidManifest.xml:30:17-85
99                android:value="androidx.startup" />
99-->[androidx.profileinstaller:profileinstaller:1.3.0] AndroidManifest.xml:31:17-49
100        </provider>
101
102        <receiver
102-->[androidx.profileinstaller:profileinstaller:1.3.0] AndroidManifest.xml:34:9-52:20
103            android:name="androidx.profileinstaller.ProfileInstallReceiver"
103-->[androidx.profileinstaller:profileinstaller:1.3.0] AndroidManifest.xml:35:13-76
104            android:directBootAware="false"
104-->[androidx.profileinstaller:profileinstaller:1.3.0] AndroidManifest.xml:36:13-44
105            android:enabled="true"
105-->[androidx.profileinstaller:profileinstaller:1.3.0] AndroidManifest.xml:37:13-35
106            android:exported="true"
106-->[androidx.profileinstaller:profileinstaller:1.3.0] AndroidManifest.xml:38:13-36
107            android:permission="android.permission.DUMP" >
107-->[androidx.profileinstaller:profileinstaller:1.3.0] AndroidManifest.xml:39:13-57
108            <intent-filter>
108-->[androidx.profileinstaller:profileinstaller:1.3.0] AndroidManifest.xml:40:13-42:29
109                <action android:name="androidx.profileinstaller.action.INSTALL_PROFILE" />
109-->[androidx.profileinstaller:profileinstaller:1.3.0] AndroidManifest.xml:41:17-91
109-->[androidx.profileinstaller:profileinstaller:1.3.0] AndroidManifest.xml:41:25-88
110            </intent-filter>
111            <intent-filter>
111-->[androidx.profileinstaller:profileinstaller:1.3.0] AndroidManifest.xml:43:13-45:29
112                <action android:name="androidx.profileinstaller.action.SKIP_FILE" />
112-->[androidx.profileinstaller:profileinstaller:1.3.0] AndroidManifest.xml:44:17-85
112-->[androidx.profileinstaller:profileinstaller:1.3.0] AndroidManifest.xml:44:25-82
113            </intent-filter>
114            <intent-filter>
114-->[androidx.profileinstaller:profileinstaller:1.3.0] AndroidManifest.xml:46:13-48:29
115                <action android:name="androidx.profileinstaller.action.SAVE_PROFILE" />
115-->[androidx.profileinstaller:profileinstaller:1.3.0] AndroidManifest.xml:47:17-88
115-->[androidx.profileinstaller:profileinstaller:1.3.0] AndroidManifest.xml:47:25-85
116            </intent-filter>
117            <intent-filter>
117-->[androidx.profileinstaller:profileinstaller:1.3.0] AndroidManifest.xml:49:13-51:29
118                <action android:name="androidx.profileinstaller.action.BENCHMARK_OPERATION" />
118-->[androidx.profileinstaller:profileinstaller:1.3.0] AndroidManifest.xml:50:17-95
118-->[androidx.profileinstaller:profileinstaller:1.3.0] AndroidManifest.xml:50:25-92
119            </intent-filter>
120        </receiver>
121    </application>
122
123</manifest>